<?xml version="1.0" encoding="UTF-8"?>
<!-- Generated by org.testng.reporters.JUnitXMLReporter -->
<testsuite ignored="6" hostname="Prateek" failures="0" tests="6" name="Test" time="51.195" errors="0" timestamp="2022-08-27T21:23:08 IST">
  <testcase classname="com.educationalDomain.Wipro.Scripts.TestCase1" name="tc1" time="3.092"/>
  <testcase classname="com.educationalDomain.Wipro.Scripts.TestCase2" name="tc2" time="8.344"/>
  <testcase classname="com.educationalDomain.Wipro.Scripts.TestCase2" name="tc2" time="8.478"/>
  <testcase classname="com.educationalDomain.Wipro.Scripts.TestCase2" name="tc2" time="8.282"/>
  <testcase classname="com.educationalDomain.Wipro.Scripts.TestCase3" name="tc3" time="5.625"/>
  <testcase classname="com.educationalDomain.Wipro.Scripts.TestCase4" name="tc4" time="2.441"/>
  <testcase classname="com.educationalDomain.Wipro.genericLib.BaseClass" name="@AfterSuite configAS" time="0.0">
    <ignored/>
  </testcase> <!-- @AfterSuite configAS -->
  <testcase classname="com.educationalDomain.Wipro.genericLib.BaseClass" name="@AfterSuite configAS" time="0.0">
    <ignored/>
  </testcase> <!-- @AfterSuite configAS -->
  <testcase classname="com.educationalDomain.Wipro.genericLib.BaseClass" name="@AfterSuite configAS" time="0.0">
    <ignored/>
  </testcase> <!-- @AfterSuite configAS -->
  <testcase classname="com.educationalDomain.Wipro.genericLib.BaseClass" name="@BeforeSuite configBS" time="0.0">
    <ignored/>
  </testcase> <!-- @BeforeSuite configBS -->
  <testcase classname="com.educationalDomain.Wipro.genericLib.BaseClass" name="@BeforeSuite configBS" time="0.0">
    <ignored/>
  </testcase> <!-- @BeforeSuite configBS -->
  <testcase classname="com.educationalDomain.Wipro.genericLib.BaseClass" name="@BeforeSuite configBS" time="0.0">
    <ignored/>
  </testcase> <!-- @BeforeSuite configBS -->
</testsuite> <!-- Test -->
