<?xml version="1.0" encoding="UTF-8"?>
<testng-results ignored="0" total="1" passed="1" failed="0" skipped="0">
  <reporter-output>
    <line>
      <![CDATA[data not matching]]>
    </line>
  </reporter-output>
  <suite started-at="2022-08-24T21:02:24 IST" name="Default suite" finished-at="2022-08-24T21:02:31 IST" duration-ms="7623">
    <groups>
    </groups>
    <test started-at="2022-08-24T21:02:24 IST" name="Default test" finished-at="2022-08-24T21:02:31 IST" duration-ms="7623">
      <class name="com.educationalDomain.Wipro.Scripts.TestCase4">
        <test-method is-config="true" signature="configBS()[pri:0, instance:com.educationalDomain.Wipro.Scripts.TestCase4@5ffead27]" started-at="2022-08-24T21:02:23 IST" name="configBS" finished-at="2022-08-24T21:02:24 IST" duration-ms="790" status="PASS">
          <reporter-output>
          </reporter-output>
        </test-method> <!-- configBS -->
        <test-method is-config="true" signature="openApp()[pri:0, instance:com.educationalDomain.Wipro.Scripts.TestCase4@5ffead27]" started-at="2022-08-24T21:02:24 IST" name="openApp" finished-at="2022-08-24T21:02:28 IST" duration-ms="4249" status="PASS">
          <reporter-output>
          </reporter-output>
        </test-method> <!-- openApp -->
        <test-method signature="tc4()[pri:0, instance:com.educationalDomain.Wipro.Scripts.TestCase4@5ffead27]" started-at="2022-08-24T21:02:28 IST" name="tc4" finished-at="2022-08-24T21:02:31 IST" duration-ms="3125" status="PASS">
          <reporter-output>
            <line>
              <![CDATA[data not matching]]>
            </line>
          </reporter-output>
        </test-method> <!-- tc4 -->
        <test-method is-config="true" signature="closeApp(org.testng.ITestResult)[pri:0, instance:com.educationalDomain.Wipro.Scripts.TestCase4@5ffead27]" started-at="2022-08-24T21:02:31 IST" name="closeApp" finished-at="2022-08-24T21:02:31 IST" duration-ms="213" status="PASS">
          <params>
            <param index="0">
              <value>
                <![CDATA[[TestResult name=tc4 status=SUCCESS method=TestCase4.tc4()[pri:0, instance:com.educationalDomain.Wipro.Scripts.TestCase4@5ffead27] output=data not matching]]]>
              </value>
            </param>
          </params>
          <reporter-output>
          </reporter-output>
        </test-method> <!-- closeApp -->
        <test-method is-config="true" signature="configAS()[pri:0, instance:com.educationalDomain.Wipro.Scripts.TestCase4@5ffead27]" started-at="2022-08-24T21:02:31 IST" name="configAS" finished-at="2022-08-24T21:02:32 IST" duration-ms="374" status="PASS">
          <reporter-output>
          </reporter-output>
        </test-method> <!-- configAS -->
      </class> <!-- com.educationalDomain.Wipro.Scripts.TestCase4 -->
    </test> <!-- Default test -->
  </suite> <!-- Default suite -->
</testng-results>
